This is pdfTeX, Version 3.14159265-2.6-1.40.21 (TeX Live 2020) (preloaded format=pdflatex 2020.4.7)  24 FEB 2021 12:53
entering extended mode
 restricted \write18 enabled.
 %&-line parsing enabled.
**policy_text.tex
(./policy_text.tex
LaTeX2e <2020-02-02> patch level 5
L3 programming layer <2020-03-06>
(/usr/local/texlive/2020/texmf-dist/tex/latex/base/article.cls
Document Class: article 2019/12/20 v1.4l Standard LaTeX document class
(/usr/local/texlive/2020/texmf-dist/tex/latex/base/size10.clo
File: size10.clo 2019/12/20 v1.4l Standard LaTeX file (size option)
)
\c@part=\count167
\c@section=\count168
\c@subsection=\count169
\c@subsubsection=\count170
\c@paragraph=\count171
\c@subparagraph=\count172
\c@figure=\count173
\c@table=\count174
\abovecaptionskip=\skip47
\belowcaptionskip=\skip48
\bibindent=\dimen134
)
(/usr/local/texlive/2020/texmf-dist/tex/latex/geometry/geometry.sty
Package: geometry 2020/01/02 v5.9 Page Geometry

(/usr/local/texlive/2020/texmf-dist/tex/latex/graphics/keyval.sty
Package: keyval 2014/10/28 v1.15 key=value parser (DPC)
\KV@toks@=\toks15
)
(/usr/local/texlive/2020/texmf-dist/tex/generic/iftex/ifvtex.sty
Package: ifvtex 2019/10/25 v1.7 ifvtex legacy package. Use iftex instead.

(/usr/local/texlive/2020/texmf-dist/tex/generic/iftex/iftex.sty
Package: iftex 2020/03/06 v1.0d TeX engine tests
))
\Gm@cnth=\count175
\Gm@cntv=\count176
\c@Gm@tempcnt=\count177
\Gm@bindingoffset=\dimen135
\Gm@wd@mp=\dimen136
\Gm@odd@mp=\dimen137
\Gm@even@mp=\dimen138
\Gm@layoutwidth=\dimen139
\Gm@layoutheight=\dimen140
\Gm@layouthoffset=\dimen141
\Gm@layoutvoffset=\dimen142
\Gm@dimlist=\toks16
)
(/usr/local/texlive/2020/texmf-dist/tex/latex/subfig/subfig.sty
Package: subfig 2005/06/28 ver: 1.3 subfig package

(/usr/local/texlive/2020/texmf-dist/tex/latex/caption/caption.sty
Package: caption 2020/01/03 v3.4h Customizing captions (AR)

(/usr/local/texlive/2020/texmf-dist/tex/latex/caption/caption3.sty
Package: caption3 2020/01/03 v1.8h caption3 kernel (AR)
Package caption3 Info: TeX engine: e-TeX on input line 61.
\captionmargin=\dimen143
\captionmargin@=\dimen144
\captionwidth=\dimen145
\caption@tempdima=\dimen146
\caption@indent=\dimen147
\caption@parindent=\dimen148
\caption@hangindent=\dimen149
Package caption Info: Standard document class detected.
)
\c@caption@flags=\count178
\c@continuedfloat=\count179
)
\c@KVtest=\count180
\sf@farskip=\skip49
\sf@captopadj=\dimen150
\sf@capskip=\skip50
\sf@nearskip=\skip51
\c@subfigure=\count181
\c@subfigure@save=\count182
\c@lofdepth=\count183
\c@subtable=\count184
\c@subtable@save=\count185
\c@lotdepth=\count186
\sf@top=\skip52
\sf@bottom=\skip53
)
(/usr/local/texlive/2020/texmf-dist/tex/latex/graphics/graphicx.sty
Package: graphicx 2019/11/30 v1.2a Enhanced LaTeX Graphics (DPC,SPQR)

(/usr/local/texlive/2020/texmf-dist/tex/latex/graphics/graphics.sty
Package: graphics 2019/11/30 v1.4a Standard LaTeX Graphics (DPC,SPQR)

(/usr/local/texlive/2020/texmf-dist/tex/latex/graphics/trig.sty
Package: trig 2016/01/03 v1.10 sin cos tan (DPC)
)
(/usr/local/texlive/2020/texmf-dist/tex/latex/graphics-cfg/graphics.cfg
File: graphics.cfg 2016/06/04 v1.11 sample graphics configuration
)
Package graphics Info: Driver file: pdftex.def on input line 105.

(/usr/local/texlive/2020/texmf-dist/tex/latex/graphics-def/pdftex.def
File: pdftex.def 2018/01/08 v1.0l Graphics/color driver for pdftex
))
\Gin@req@height=\dimen151
\Gin@req@width=\dimen152
)
(/usr/local/texlive/2020/texmf-dist/tex/latex/xcolor/xcolor.sty
Package: xcolor 2016/05/11 v2.12 LaTeX color extensions (UK)

(/usr/local/texlive/2020/texmf-dist/tex/latex/graphics-cfg/color.cfg
File: color.cfg 2016/01/02 v1.6 sample color configuration
)
Package xcolor Info: Driver file: pdftex.def on input line 225.
Package xcolor Info: Model `cmy' substituted by `cmy0' on input line 1348.
Package xcolor Info: Model `hsb' substituted by `rgb' on input line 1352.
Package xcolor Info: Model `RGB' extended on input line 1364.
Package xcolor Info: Model `HTML' substituted by `rgb' on input line 1366.
Package xcolor Info: Model `Hsb' substituted by `hsb' on input line 1367.
Package xcolor Info: Model `tHsb' substituted by `hsb' on input line 1368.
Package xcolor Info: Model `HSB' substituted by `hsb' on input line 1369.
Package xcolor Info: Model `Gray' substituted by `gray' on input line 1370.
Package xcolor Info: Model `wave' substituted by `hsb' on input line 1371.
)
(/usr/local/texlive/2020/texmf-dist/tex/latex/import/import.sty
Package: import 2020/01/22  v 6.0
)
(/usr/local/texlive/2020/texmf-dist/tex/latex/hyperref/hyperref.sty
Package: hyperref 2020/01/14 v7.00d Hypertext links for LaTeX

(/usr/local/texlive/2020/texmf-dist/tex/generic/ltxcmds/ltxcmds.sty
Package: ltxcmds 2019/12/15 v1.24 LaTeX kernel commands for general use (HO)
)
(/usr/local/texlive/2020/texmf-dist/tex/latex/pdftexcmds/pdftexcmds.sty
Package: pdftexcmds 2019/11/24 v0.31 Utility functions of pdfTeX for LuaTeX (HO
)

(/usr/local/texlive/2020/texmf-dist/tex/generic/infwarerr/infwarerr.sty
Package: infwarerr 2019/12/03 v1.5 Providing info/warning/error messages (HO)
)
Package pdftexcmds Info: \pdf@primitive is available.
Package pdftexcmds Info: \pdf@ifprimitive is available.
Package pdftexcmds Info: \pdfdraftmode found.
)
(/usr/local/texlive/2020/texmf-dist/tex/generic/kvsetkeys/kvsetkeys.sty
Package: kvsetkeys 2019/12/15 v1.18 Key value parser (HO)
)
(/usr/local/texlive/2020/texmf-dist/tex/generic/kvdefinekeys/kvdefinekeys.sty
Package: kvdefinekeys 2019-12-19 v1.6 Define keys (HO)
)
(/usr/local/texlive/2020/texmf-dist/tex/generic/pdfescape/pdfescape.sty
Package: pdfescape 2019/12/09 v1.15 Implements pdfTeX's escape features (HO)
)
(/usr/local/texlive/2020/texmf-dist/tex/latex/hycolor/hycolor.sty
Package: hycolor 2020-01-27 v1.10 Color options for hyperref/bookmark (HO)
)
(/usr/local/texlive/2020/texmf-dist/tex/latex/letltxmacro/letltxmacro.sty
Package: letltxmacro 2019/12/03 v1.6 Let assignment for LaTeX macros (HO)
)
(/usr/local/texlive/2020/texmf-dist/tex/latex/auxhook/auxhook.sty
Package: auxhook 2019-12-17 v1.6 Hooks for auxiliary files (HO)
)
(/usr/local/texlive/2020/texmf-dist/tex/latex/kvoptions/kvoptions.sty
Package: kvoptions 2019/11/29 v3.13 Key value format for package options (HO)
)
\@linkdim=\dimen153
\Hy@linkcounter=\count187
\Hy@pagecounter=\count188

(/usr/local/texlive/2020/texmf-dist/tex/latex/hyperref/pd1enc.def
File: pd1enc.def 2020/01/14 v7.00d Hyperref: PDFDocEncoding definition (HO)
Now handling font encoding PD1 ...
... no UTF-8 mapping file for font encoding PD1
)
(/usr/local/texlive/2020/texmf-dist/tex/generic/intcalc/intcalc.sty
Package: intcalc 2019/12/15 v1.3 Expandable calculations with integers (HO)
)
(/usr/local/texlive/2020/texmf-dist/tex/generic/etexcmds/etexcmds.sty
Package: etexcmds 2019/12/15 v1.7 Avoid name clashes with e-TeX commands (HO)
)
\Hy@SavedSpaceFactor=\count189
Package hyperref Info: Hyper figures OFF on input line 4547.
Package hyperref Info: Link nesting OFF on input line 4552.
Package hyperref Info: Hyper index ON on input line 4555.
Package hyperref Info: Plain pages OFF on input line 4562.
Package hyperref Info: Backreferencing OFF on input line 4567.
Package hyperref Info: Implicit mode ON; LaTeX internals redefined.
Package hyperref Info: Bookmarks ON on input line 4800.
\c@Hy@tempcnt=\count190

(/usr/local/texlive/2020/texmf-dist/tex/latex/url/url.sty
\Urlmuskip=\muskip16
Package: url 2013/09/16  ver 3.4  Verb mode for urls, etc.
)
LaTeX Info: Redefining \url on input line 5159.
\XeTeXLinkMargin=\dimen154

(/usr/local/texlive/2020/texmf-dist/tex/generic/bitset/bitset.sty
Package: bitset 2019/12/09 v1.3 Handle bit-vector datatype (HO)

(/usr/local/texlive/2020/texmf-dist/tex/generic/bigintcalc/bigintcalc.sty
Package: bigintcalc 2019/12/15 v1.5 Expandable calculations on big integers (HO
)
))
\Fld@menulength=\count191
\Field@Width=\dimen155
\Fld@charsize=\dimen156
Package hyperref Info: Hyper figures OFF on input line 6430.
Package hyperref Info: Link nesting OFF on input line 6435.
Package hyperref Info: Hyper index ON on input line 6438.
Package hyperref Info: backreferencing OFF on input line 6445.
Package hyperref Info: Link coloring OFF on input line 6450.
Package hyperref Info: Link coloring with OCG OFF on input line 6455.
Package hyperref Info: PDF/A mode OFF on input line 6460.
LaTeX Info: Redefining \ref on input line 6500.
LaTeX Info: Redefining \pageref on input line 6504.

(/usr/local/texlive/2020/texmf-dist/tex/generic/atbegshi/atbegshi.sty
Package: atbegshi 2019/12/05 v1.19 At begin shipout hook (HO)
)
\Hy@abspage=\count192
\c@Item=\count193
\c@Hfootnote=\count194
)
Package hyperref Info: Driver (autodetected): hpdftex.

(/usr/local/texlive/2020/texmf-dist/tex/latex/hyperref/hpdftex.def
File: hpdftex.def 2020/01/14 v7.00d Hyperref driver for pdfTeX

(/usr/local/texlive/2020/texmf-dist/tex/latex/atveryend/atveryend.sty
Package: atveryend 2019-12-11 v1.11 Hooks at the very end of document (HO)
Package atveryend Info: \enddocument detected (standard20110627).
)
\Fld@listcount=\count195
\c@bookmark@seq@number=\count196

(/usr/local/texlive/2020/texmf-dist/tex/latex/rerunfilecheck/rerunfilecheck.sty
Package: rerunfilecheck 2019/12/05 v1.9 Rerun checks for auxiliary files (HO)

(/usr/local/texlive/2020/texmf-dist/tex/generic/uniquecounter/uniquecounter.sty
Package: uniquecounter 2019/12/15 v1.4 Provide unlimited unique counter (HO)
)
Package uniquecounter Info: New unique counter `rerunfilecheck' on input line 2
86.
)
\Hy@SectionHShift=\skip54
)
(/usr/local/texlive/2020/texmf-dist/tex/latex/l3backend/l3backend-pdfmode.def
File: l3backend-pdfmode.def 2020-03-12 L3 backend support: PDF mode
\l__kernel_color_stack_int=\count197
\l__pdf_internal_box=\box45
)
(./policy_text.aux

LaTeX Warning: Label `' multiply defined.

)
\openout1 = `policy_text.aux'.

LaTeX Font Info:    Checking defaults for OML/cmm/m/it on input line 12.
LaTeX Font Info:    ... okay on input line 12.
LaTeX Font Info:    Checking defaults for OMS/cmsy/m/n on input line 12.
LaTeX Font Info:    ... okay on input line 12.
LaTeX Font Info:    Checking defaults for OT1/cmr/m/n on input line 12.
LaTeX Font Info:    ... okay on input line 12.
LaTeX Font Info:    Checking defaults for T1/cmr/m/n on input line 12.
LaTeX Font Info:    ... okay on input line 12.
LaTeX Font Info:    Checking defaults for TS1/cmr/m/n on input line 12.
LaTeX Font Info:    ... okay on input line 12.
LaTeX Font Info:    Checking defaults for OMX/cmex/m/n on input line 12.
LaTeX Font Info:    ... okay on input line 12.
LaTeX Font Info:    Checking defaults for U/cmr/m/n on input line 12.
LaTeX Font Info:    ... okay on input line 12.
LaTeX Font Info:    Checking defaults for PD1/pdf/m/n on input line 12.
LaTeX Font Info:    ... okay on input line 12.

*geometry* driver: auto-detecting
*geometry* detected driver: pdftex
*geometry* verbose mode - [ preamble ] result:
* driver: pdftex
* paper: a4paper
* layout: <same size as paper>
* layoutoffset:(h,v)=(0.0pt,0.0pt)
* modes: 
* h-part:(L,W,R)=(45.80893pt, 505.89pt, 45.80894pt)
* v-part:(T,H,B)=(48.93872pt, 722.7pt, 73.40813pt)
* \paperwidth=597.50787pt
* \paperheight=845.04684pt
* \textwidth=505.89pt
* \textheight=722.7pt
* \oddsidemargin=-26.46106pt
* \evensidemargin=-26.46106pt
* \topmargin=-60.33127pt
* \headheight=12.0pt
* \headsep=25.0pt
* \topskip=10.0pt
* \footskip=30.0pt
* \marginparwidth=65.0pt
* \marginparsep=11.0pt
* \columnsep=10.0pt
* \skip\footins=9.0pt plus 4.0pt minus 2.0pt
* \hoffset=0.0pt
* \voffset=0.0pt
* \mag=1000
* \@twocolumnfalse
* \@twosidefalse
* \@mparswitchfalse
* \@reversemarginfalse
* (1in=72.27pt=25.4mm, 1cm=28.453pt)

Package caption Info: Begin \AtBeginDocument code.
Package caption Info: subfig package v1.3 is loaded.
Package caption Info: hyperref package is loaded.
Package caption Info: End \AtBeginDocument code.
(/usr/local/texlive/2020/texmf-dist/tex/context/base/mkii/supp-pdf.mkii
[Loading MPS to PDF converter (version 2006.09.02).]
\scratchcounter=\count198
\scratchdimen=\dimen157
\scratchbox=\box46
\nofMPsegments=\count199
\nofMParguments=\count266
\everyMPshowfont=\toks17
\MPscratchCnt=\count267
\MPscratchDim=\dimen158
\MPnumerator=\count268
\makeMPintoPDFobject=\count269
\everyMPtoPDFconversion=\toks18
) (/usr/local/texlive/2020/texmf-dist/tex/latex/epstopdf-pkg/epstopdf-base.sty
Package: epstopdf-base 2020-01-24 v2.11 Base part for package epstopdf
Package epstopdf-base Info: Redefining graphics rule for `.eps' on input line 4
85.

(/usr/local/texlive/2020/texmf-dist/tex/latex/latexconfig/epstopdf-sys.cfg
File: epstopdf-sys.cfg 2010/07/13 v1.3 Configuration of (r)epstopdf for TeX Liv
e
))
\AtBeginShipoutBox=\box47
Package hyperref Info: Link coloring OFF on input line 12.

(/usr/local/texlive/2020/texmf-dist/tex/latex/hyperref/nameref.sty
Package: nameref 2019/09/16 v2.46 Cross-referencing by name of section

(/usr/local/texlive/2020/texmf-dist/tex/latex/refcount/refcount.sty
Package: refcount 2019/12/15 v3.6 Data extraction from label references (HO)
)
(/usr/local/texlive/2020/texmf-dist/tex/generic/gettitlestring/gettitlestring.s
ty
Package: gettitlestring 2019/12/15 v1.6 Cleanup title references (HO)
)
\c@section@level=\count270
)
LaTeX Info: Redefining \ref on input line 12.
LaTeX Info: Redefining \pageref on input line 12.
LaTeX Info: Redefining \nameref on input line 12.
 (./policy_text.out) (./policy_text.out)
\@outlinefile=\write3
\openout3 = `policy_text.out'.


Underfull \hbox (badness 10000) in paragraph at lines 15--18

 []


Package hyperref Warning: Difference (2) between bookmark levels is greater 
(hyperref)                than one, level fixed on input line 19.

<../../data/02-outcomes/01-policy_positioning/01-text_analysis/wordfish/01_lda/
descriptive/wordcloud_topic2.png, id=16, 700.6175pt x 654.445pt>
File: ../../data/02-outcomes/01-policy_positioning/01-text_analysis/wordfish/01
_lda/descriptive/wordcloud_topic2.png Graphic file (type png)
<use ../../data/02-outcomes/01-policy_positioning/01-text_analysis/wordfish/01_
lda/descriptive/wordcloud_topic2.png>
Package pdftex.def Info: ../../data/02-outcomes/01-policy_positioning/01-text_a
nalysis/wordfish/01_lda/descriptive/wordcloud_topic2.png  used on input line 25
.
(pdftex.def)             Requested size: 126.47249pt x 118.13454pt.
LaTeX Font Info:    External font `cmex10' loaded for size
(Font)              <7> on input line 27.
LaTeX Font Info:    External font `cmex10' loaded for size
(Font)              <5> on input line 27.
<../../data/02-outcomes/01-policy_positioning/01-text_analysis/wordfish/01_lda/
descriptive/wordcloud_topic4.png, id=18, 700.6175pt x 654.445pt>
File: ../../data/02-outcomes/01-policy_positioning/01-text_analysis/wordfish/01
_lda/descriptive/wordcloud_topic4.png Graphic file (type png)
<use ../../data/02-outcomes/01-policy_positioning/01-text_analysis/wordfish/01_
lda/descriptive/wordcloud_topic4.png>
Package pdftex.def Info: ../../data/02-outcomes/01-policy_positioning/01-text_a
nalysis/wordfish/01_lda/descriptive/wordcloud_topic4.png  used on input line 29
.
(pdftex.def)             Requested size: 126.47249pt x 118.13454pt.
<../../data/02-outcomes/01-policy_positioning/01-text_analysis/wordfish/01_lda/
descriptive/wordcloud_topic8.png, id=19, 700.6175pt x 654.445pt>
File: ../../data/02-outcomes/01-policy_positioning/01-text_analysis/wordfish/01
_lda/descriptive/wordcloud_topic8.png Graphic file (type png)
<use ../../data/02-outcomes/01-policy_positioning/01-text_analysis/wordfish/01_
lda/descriptive/wordcloud_topic8.png>
Package pdftex.def Info: ../../data/02-outcomes/01-policy_positioning/01-text_a
nalysis/wordfish/01_lda/descriptive/wordcloud_topic8.png  used on input line 33
.
(pdftex.def)             Requested size: 126.47249pt x 118.13454pt.
<../../data/02-outcomes/01-policy_positioning/01-text_analysis/wordfish/01_lda/
descriptive/wordcloud_topic20.png, id=20, 700.6175pt x 654.445pt>
File: ../../data/02-outcomes/01-policy_positioning/01-text_analysis/wordfish/01
_lda/descriptive/wordcloud_topic20.png Graphic file (type png)
<use ../../data/02-outcomes/01-policy_positioning/01-text_analysis/wordfish/01_
lda/descriptive/wordcloud_topic20.png>
Package pdftex.def Info: ../../data/02-outcomes/01-policy_positioning/01-text_a
nalysis/wordfish/01_lda/descriptive/wordcloud_topic20.png  used on input line 3
7.
(pdftex.def)             Requested size: 126.47249pt x 118.13454pt.
<../../data/02-outcomes/01-policy_positioning/01-text_analysis/wordfish/01_lda/
descriptive/wordcloud_topic10.png, id=21, 700.6175pt x 654.445pt>
File: ../../data/02-outcomes/01-policy_positioning/01-text_analysis/wordfish/01
_lda/descriptive/wordcloud_topic10.png Graphic file (type png)
<use ../../data/02-outcomes/01-policy_positioning/01-text_analysis/wordfish/01_
lda/descriptive/wordcloud_topic10.png>
Package pdftex.def Info: ../../data/02-outcomes/01-policy_positioning/01-text_a
nalysis/wordfish/01_lda/descriptive/wordcloud_topic10.png  used on input line 4
1.
(pdftex.def)             Requested size: 126.47249pt x 118.13454pt.
<../../data/02-outcomes/01-policy_positioning/01-text_analysis/wordfish/01_lda/
descriptive/wordcloud_topic13.png, id=22, 700.6175pt x 654.445pt>
File: ../../data/02-outcomes/01-policy_positioning/01-text_analysis/wordfish/01
_lda/descriptive/wordcloud_topic13.png Graphic file (type png)
<use ../../data/02-outcomes/01-policy_positioning/01-text_analysis/wordfish/01_
lda/descriptive/wordcloud_topic13.png>
Package pdftex.def Info: ../../data/02-outcomes/01-policy_positioning/01-text_a
nalysis/wordfish/01_lda/descriptive/wordcloud_topic13.png  used on input line 4
5.
(pdftex.def)             Requested size: 126.47249pt x 118.13454pt.
<../../data/02-outcomes/01-policy_positioning/01-text_analysis/wordfish/01_lda/
descriptive/wordcloud_topic15.png, id=23, 700.6175pt x 654.445pt>
File: ../../data/02-outcomes/01-policy_positioning/01-text_analysis/wordfish/01
_lda/descriptive/wordcloud_topic15.png Graphic file (type png)
<use ../../data/02-outcomes/01-policy_positioning/01-text_analysis/wordfish/01_
lda/descriptive/wordcloud_topic15.png>
Package pdftex.def Info: ../../data/02-outcomes/01-policy_positioning/01-text_a
nalysis/wordfish/01_lda/descriptive/wordcloud_topic15.png  used on input line 4
9.
(pdftex.def)             Requested size: 126.47249pt x 118.13454pt.
<../../data/02-outcomes/01-policy_positioning/01-text_analysis/wordfish/01_lda/
descriptive/wordcloud_topic16.png, id=24, 700.6175pt x 654.445pt>
File: ../../data/02-outcomes/01-policy_positioning/01-text_analysis/wordfish/01
_lda/descriptive/wordcloud_topic16.png Graphic file (type png)
<use ../../data/02-outcomes/01-policy_positioning/01-text_analysis/wordfish/01_
lda/descriptive/wordcloud_topic16.png>
Package pdftex.def Info: ../../data/02-outcomes/01-policy_positioning/01-text_a
nalysis/wordfish/01_lda/descriptive/wordcloud_topic16.png  used on input line 5
3.
(pdftex.def)             Requested size: 126.47249pt x 118.13454pt.

Overfull \hbox (21.6666pt too wide) in paragraph at lines 24--56
[]$[]$ $[]$ $[]$ $[]$
 []


Overfull \hbox (6.6666pt too wide) in paragraph at lines 24--56
[]$ $[]$ $[]$ $[]$ 
 []

<../../data/02-outcomes/01-policy_positioning/01-text_analysis/wordfish/01_lda/
descriptive/topics_across_congress.png, id=25, 1085.05376pt x 743.77875pt>
File: ../../data/02-outcomes/01-policy_positioning/01-text_analysis/wordfish/01
_lda/descriptive/topics_across_congress.png Graphic file (type png)
<use ../../data/02-outcomes/01-policy_positioning/01-text_analysis/wordfish/01_
lda/descriptive/topics_across_congress.png>
Package pdftex.def Info: ../../data/02-outcomes/01-policy_positioning/01-text_a
nalysis/wordfish/01_lda/descriptive/topics_across_congress.png  used on input l
ine 58.
(pdftex.def)             Requested size: 505.89pt x 346.77283pt.

Underfull \hbox (badness 10000) in paragraph at lines 58--59

 []

[1

{/usr/local/texlive/2020/texmf-var/fonts/map/pdftex/updmap/pdftex.map} <../../d
ata/02-outcomes/01-policy_positioning/01-text_analysis/wordfish/01_lda/descript
ive/wordcloud_topic2.png> <../../data/02-outcomes/01-policy_positioning/01-text
_analysis/wordfish/01_lda/descriptive/wordcloud_topic4.png> <../../data/02-outc
omes/01-policy_positioning/01-text_analysis/wordfish/01_lda/descriptive/wordclo
ud_topic8.png> <../../data/02-outcomes/01-policy_positioning/01-text_analysis/w
ordfish/01_lda/descriptive/wordcloud_topic20.png> <../../data/02-outcomes/01-po
licy_positioning/01-text_analysis/wordfish/01_lda/descriptive/wordcloud_topic10
.png> <../../data/02-outcomes/01-policy_positioning/01-text_analysis/wordfish/0
1_lda/descriptive/wordcloud_topic13.png> <../../data/02-outcomes/01-policy_posi
tioning/01-text_analysis/wordfish/01_lda/descriptive/wordcloud_topic15.png> <..
/../data/02-outcomes/01-policy_positioning/01-text_analysis/wordfish/01_lda/des
criptive/wordcloud_topic16.png>]
<../../data/02-outcomes/01-policy_positioning/01-text_analysis/wordfish/04_idea
l_figures/1-features/genero60.png, id=43, 1128.215pt x 651.43375pt>
File: ../../data/02-outcomes/01-policy_positioning/01-text_analysis/wordfish/04
_ideal_figures/1-features/genero60.png Graphic file (type png)
<use ../../data/02-outcomes/01-policy_positioning/01-text_analysis/wordfish/04_
ideal_figures/1-features/genero60.png>
Package pdftex.def Info: ../../data/02-outcomes/01-policy_positioning/01-text_a
nalysis/wordfish/04_ideal_figures/1-features/genero60.png  used on input line 6
8.
(pdftex.def)             Requested size: 126.47249pt x 73.01971pt.
<../../data/02-outcomes/01-policy_positioning/01-text_analysis/wordfish/04_idea
l_figures/1-features/seguridad60.png, id=44, 1128.215pt x 784.9325pt>
File: ../../data/02-outcomes/01-policy_positioning/01-text_analysis/wordfish/04
_ideal_figures/1-features/seguridad60.png Graphic file (type png)
<use ../../data/02-outcomes/01-policy_positioning/01-text_analysis/wordfish/04_
ideal_figures/1-features/seguridad60.png>
Package pdftex.def Info: ../../data/02-outcomes/01-policy_positioning/01-text_a
nalysis/wordfish/04_ideal_figures/1-features/seguridad60.png  used on input lin
e 72.
(pdftex.def)             Requested size: 126.47249pt x 87.98369pt.
<../../data/02-outcomes/01-policy_positioning/01-text_analysis/wordfish/04_idea
l_figures/1-features/salud60.png, id=45, 1128.215pt x 784.9325pt>
File: ../../data/02-outcomes/01-policy_positioning/01-text_analysis/wordfish/04
_ideal_figures/1-features/salud60.png Graphic file (type png)
<use ../../data/02-outcomes/01-policy_positioning/01-text_analysis/wordfish/04_
ideal_figures/1-features/salud60.png>
Package pdftex.def Info: ../../data/02-outcomes/01-policy_positioning/01-text_a
nalysis/wordfish/04_ideal_figures/1-features/salud60.png  used on input line 76
.
(pdftex.def)             Requested size: 126.47249pt x 87.98369pt.
<../../data/02-outcomes/01-policy_positioning/01-text_analysis/wordfish/04_idea
l_figures/1-features/educacion60.png, id=46, 1128.215pt x 784.9325pt>
File: ../../data/02-outcomes/01-policy_positioning/01-text_analysis/wordfish/04
_ideal_figures/1-features/educacion60.png Graphic file (type png)
<use ../../data/02-outcomes/01-policy_positioning/01-text_analysis/wordfish/04_
ideal_figures/1-features/educacion60.png>
Package pdftex.def Info: ../../data/02-outcomes/01-policy_positioning/01-text_a
nalysis/wordfish/04_ideal_figures/1-features/educacion60.png  used on input lin
e 80.
(pdftex.def)             Requested size: 126.47249pt x 87.98369pt.
<../../data/02-outcomes/01-policy_positioning/01-text_analysis/wordfish/04_idea
l_figures/1-features/ciencia y tecnologia_60.png, id=47, 4131.435pt x 3370.5925
pt>
File: ../../data/02-outcomes/01-policy_positioning/01-text_analysis/wordfish/04
_ideal_figures/1-features/ciencia y tecnologia_60.png Graphic file (type png)
<use ../../data/02-outcomes/01-policy_positioning/01-text_analysis/wordfish/04_
ideal_figures/1-features/ciencia y tecnologia_60.png>
Package pdftex.def Info: ../../data/02-outcomes/01-policy_positioning/01-text_a
nalysis/wordfish/04_ideal_figures/1-features/ciencia y tecnologia_60.png  used 
on input line 84.
(pdftex.def)             Requested size: 126.47249pt x 103.17065pt.
<../../data/02-outcomes/01-policy_positioning/01-text_analysis/wordfish/04_idea
l_figures/1-features/consitutcional_60.png, id=48, 4131.435pt x 3370.5925pt>
File: ../../data/02-outcomes/01-policy_positioning/01-text_analysis/wordfish/04
_ideal_figures/1-features/consitutcional_60.png Graphic file (type png)
<use ../../data/02-outcomes/01-policy_positioning/01-text_analysis/wordfish/04_
ideal_figures/1-features/consitutcional_60.png>
Package pdftex.def Info: ../../data/02-outcomes/01-policy_positioning/01-text_a
nalysis/wordfish/04_ideal_figures/1-features/consitutcional_60.png  used on inp
ut line 88.
(pdftex.def)             Requested size: 126.47249pt x 103.17065pt.
<../../data/02-outcomes/01-policy_positioning/01-text_analysis/wordfish/04_idea
l_figures/1-features/derechos nacionales_60.png, id=49, 4131.435pt x 3370.5925p
t>
File: ../../data/02-outcomes/01-policy_positioning/01-text_analysis/wordfish/04
_ideal_figures/1-features/derechos nacionales_60.png Graphic file (type png)
<use ../../data/02-outcomes/01-policy_positioning/01-text_analysis/wordfish/04_
ideal_figures/1-features/derechos nacionales_60.png>
Package pdftex.def Info: ../../data/02-outcomes/01-policy_positioning/01-text_a
nalysis/wordfish/04_ideal_figures/1-features/derechos nacionales_60.png  used o
n input line 92.
(pdftex.def)             Requested size: 126.47249pt x 103.17065pt.
<../../data/02-outcomes/01-policy_positioning/01-text_analysis/wordfish/04_idea
l_figures/1-features/fiscal, energia_60.png, id=50, 4131.435pt x 3370.5925pt>
File: ../../data/02-outcomes/01-policy_positioning/01-text_analysis/wordfish/04
_ideal_figures/1-features/fiscal, energia_60.png Graphic file (type png)
<use ../../data/02-outcomes/01-policy_positioning/01-text_analysis/wordfish/04_
ideal_figures/1-features/fiscal, energia_60.png>
Package pdftex.def Info: ../../data/02-outcomes/01-policy_positioning/01-text_a
nalysis/wordfish/04_ideal_figures/1-features/fiscal, energia_60.png  used on in
put line 96.
(pdftex.def)             Requested size: 126.47249pt x 103.17065pt.

Overfull \hbox (21.6666pt too wide) in paragraph at lines 67--99
[]$[]$ $[]$ $[]$ $[]$
 []


Overfull \hbox (6.6666pt too wide) in paragraph at lines 67--99
[]$ $[]$ $[]$ $[]$ 
 []

<../../data/02-outcomes/01-policy_positioning/01-text_analysis/wordfish/04_idea
l_figures/2-documents/genero_60.png, id=51, 4131.435pt x 3370.5925pt>
File: ../../data/02-outcomes/01-policy_positioning/01-text_analysis/wordfish/04
_ideal_figures/2-documents/genero_60.png Graphic file (type png)
<use ../../data/02-outcomes/01-policy_positioning/01-text_analysis/wordfish/04_
ideal_figures/2-documents/genero_60.png>
Package pdftex.def Info: ../../data/02-outcomes/01-policy_positioning/01-text_a
nalysis/wordfish/04_ideal_figures/2-documents/genero_60.png  used on input line
 105.
(pdftex.def)             Requested size: 2065.71248pt x 1685.29216pt.
<../../data/02-outcomes/01-policy_positioning/01-text_analysis/wordfish/01_lda/
descriptive/legislatura64_density.png, id=52, 1201.48875pt x 800.9925pt>
File: ../../data/02-outcomes/01-policy_positioning/01-text_analysis/wordfish/01
_lda/descriptive/legislatura64_density.png Graphic file (type png)
<use ../../data/02-outcomes/01-policy_positioning/01-text_analysis/wordfish/01_
lda/descriptive/legislatura64_density.png>
Package pdftex.def Info: ../../data/02-outcomes/01-policy_positioning/01-text_a
nalysis/wordfish/01_lda/descriptive/legislatura64_density.png  used on input li
ne 112.
(pdftex.def)             Requested size: 600.74292pt x 400.49527pt.
Package atveryend Info: Empty hook `BeforeClearDocument' on input line 115.
[2 <../../data/02-outcomes/01-policy_positioning/01-text_analysis/wordfish/01_l
da/descriptive/topics_across_congress.png> <../../data/02-outcomes/01-policy_po
sitioning/01-text_analysis/wordfish/04_ideal_figures/1-features/genero60.png> <
../../data/02-outcomes/01-policy_positioning/01-text_analysis/wordfish/04_ideal
_figures/1-features/seguridad60.png> <../../data/02-outcomes/01-policy_position
ing/01-text_analysis/wordfish/04_ideal_figures/1-features/salud60.png> <../../d
ata/02-outcomes/01-policy_positioning/01-text_analysis/wordfish/04_ideal_figure
s/1-features/educacion60.png> <../../data/02-outcomes/01-policy_positioning/01-
text_analysis/wordfish/04_ideal_figures/1-features/ciencia y tecnologia_60.png>
 <../../data/02-outcomes/01-policy_positioning/01-text_analysis/wordfish/04_ide
al_figures/1-features/consitutcional_60.png> <../../data/02-outcomes/01-policy_
positioning/01-text_analysis/wordfish/04_ideal_figures/1-features/derechos naci
onales_60.png> <../../data/02-outcomes/01-policy_positioning/01-text_analysis/w
ordfish/04_ideal_figures/1-features/fiscal, energia_60.png>] [3 <../../data/02-
outcomes/01-policy_positioning/01-text_analysis/wordfish/04_ideal_figures/2-doc
uments/genero_60.png> <../../data/02-outcomes/01-policy_positioning/01-text_ana
lysis/wordfish/01_lda/descriptive/legislatura64_density.png>]
Package atveryend Info: Empty hook `AfterLastShipout' on input line 115.

(./policy_text.aux)
Package atveryend Info: Executing hook `AtVeryEndDocument' on input line 115.
Package atveryend Info: Executing hook `AtEndAfterFileList' on input line 115.
Package rerunfilecheck Info: File `policy_text.out' has not changed.
(rerunfilecheck)             Checksum: DCADDA7255373A73FB93E2E0CC5C159D;235.


LaTeX Warning: There were multiply-defined labels.

Package atveryend Info: Empty hook `AtVeryVeryEnd' on input line 115.
 ) 
Here is how much of TeX's memory you used:
 7420 strings out of 480608
 124979 string characters out of 5903631
 386773 words of memory out of 5000000
 23190 multiletter control sequences out of 15000+600000
 533251 words of font info for 27 fonts, out of 8000000 for 9000
 1141 hyphenation exceptions out of 8191
 50i,7n,48p,1138b,318s stack positions out of 5000i,500n,10000p,200000b,80000s
</usr/local/texlive/2020/texmf-dist/fonts/type1/public/amsfonts/cm/cmbx10.pfb
></usr/local/texlive/2020/texmf-dist/fonts/type1/public/amsfonts/cm/cmbx12.pfb>
</usr/local/texlive/2020/texmf-dist/fonts/type1/public/amsfonts/cm/cmr10.pfb></
usr/local/texlive/2020/texmf-dist/fonts/type1/public/amsfonts/cm/cmr7.pfb>
Output written on policy_text.pdf (3 pages, 7100992 bytes).
PDF statistics:
 94 PDF objects out of 1000 (max. 8388607)
 46 compressed objects within 1 object stream
 10 named destinations out of 1000 (max. 500000)
 120 words of extra memory for PDF output out of 10000 (max. 10000000)

