This is pdfTeX, Version 3.14159265-2.6-1.40.21 (TeX Live 2020) (preloaded format=pdflatex 2020.4.7)  24 MAR 2021 18:00
entering extended mode
 restricted \write18 enabled.
 %&-line parsing enabled.
**empirical_estimations.tex
(./empirical_estimations.tex
LaTeX2e <2020-02-02> patch level 5
L3 programming layer <2020-03-06>
(/usr/local/texlive/2020/texmf-dist/tex/latex/base/article.cls
Document Class: article 2019/12/20 v1.4l Standard LaTeX document class
(/usr/local/texlive/2020/texmf-dist/tex/latex/base/size10.clo
File: size10.clo 2019/12/20 v1.4l Standard LaTeX file (size option)
)
\c@part=\count167
\c@section=\count168
\c@subsection=\count169
\c@subsubsection=\count170
\c@paragraph=\count171
\c@subparagraph=\count172
\c@figure=\count173
\c@table=\count174
\abovecaptionskip=\skip47
\belowcaptionskip=\skip48
\bibindent=\dimen134
)
(/usr/local/texlive/2020/texmf-dist/tex/latex/geometry/geometry.sty
Package: geometry 2020/01/02 v5.9 Page Geometry

(/usr/local/texlive/2020/texmf-dist/tex/latex/graphics/keyval.sty
Package: keyval 2014/10/28 v1.15 key=value parser (DPC)
\KV@toks@=\toks15
)
(/usr/local/texlive/2020/texmf-dist/tex/generic/iftex/ifvtex.sty
Package: ifvtex 2019/10/25 v1.7 ifvtex legacy package. Use iftex instead.

(/usr/local/texlive/2020/texmf-dist/tex/generic/iftex/iftex.sty
Package: iftex 2020/03/06 v1.0d TeX engine tests
))
\Gm@cnth=\count175
\Gm@cntv=\count176
\c@Gm@tempcnt=\count177
\Gm@bindingoffset=\dimen135
\Gm@wd@mp=\dimen136
\Gm@odd@mp=\dimen137
\Gm@even@mp=\dimen138
\Gm@layoutwidth=\dimen139
\Gm@layoutheight=\dimen140
\Gm@layouthoffset=\dimen141
\Gm@layoutvoffset=\dimen142
\Gm@dimlist=\toks16
)
(/usr/local/texlive/2020/texmf-dist/tex/latex/subfig/subfig.sty
Package: subfig 2005/06/28 ver: 1.3 subfig package

(/usr/local/texlive/2020/texmf-dist/tex/latex/caption/caption.sty
Package: caption 2020/01/03 v3.4h Customizing captions (AR)

(/usr/local/texlive/2020/texmf-dist/tex/latex/caption/caption3.sty
Package: caption3 2020/01/03 v1.8h caption3 kernel (AR)
Package caption3 Info: TeX engine: e-TeX on input line 61.
\captionmargin=\dimen143
\captionmargin@=\dimen144
\captionwidth=\dimen145
\caption@tempdima=\dimen146
\caption@indent=\dimen147
\caption@parindent=\dimen148
\caption@hangindent=\dimen149
Package caption Info: Standard document class detected.
)
\c@caption@flags=\count178
\c@continuedfloat=\count179
)
\c@KVtest=\count180
\sf@farskip=\skip49
\sf@captopadj=\dimen150
\sf@capskip=\skip50
\sf@nearskip=\skip51
\c@subfigure=\count181
\c@subfigure@save=\count182
\c@lofdepth=\count183
\c@subtable=\count184
\c@subtable@save=\count185
\c@lotdepth=\count186
\sf@top=\skip52
\sf@bottom=\skip53
)
(/usr/local/texlive/2020/texmf-dist/tex/latex/graphics/graphicx.sty
Package: graphicx 2019/11/30 v1.2a Enhanced LaTeX Graphics (DPC,SPQR)

(/usr/local/texlive/2020/texmf-dist/tex/latex/graphics/graphics.sty
Package: graphics 2019/11/30 v1.4a Standard LaTeX Graphics (DPC,SPQR)

(/usr/local/texlive/2020/texmf-dist/tex/latex/graphics/trig.sty
Package: trig 2016/01/03 v1.10 sin cos tan (DPC)
)
(/usr/local/texlive/2020/texmf-dist/tex/latex/graphics-cfg/graphics.cfg
File: graphics.cfg 2016/06/04 v1.11 sample graphics configuration
)
Package graphics Info: Driver file: pdftex.def on input line 105.

(/usr/local/texlive/2020/texmf-dist/tex/latex/graphics-def/pdftex.def
File: pdftex.def 2018/01/08 v1.0l Graphics/color driver for pdftex
))
\Gin@req@height=\dimen151
\Gin@req@width=\dimen152
)
(/usr/local/texlive/2020/texmf-dist/tex/latex/xcolor/xcolor.sty
Package: xcolor 2016/05/11 v2.12 LaTeX color extensions (UK)

(/usr/local/texlive/2020/texmf-dist/tex/latex/graphics-cfg/color.cfg
File: color.cfg 2016/01/02 v1.6 sample color configuration
)
Package xcolor Info: Driver file: pdftex.def on input line 225.
Package xcolor Info: Model `cmy' substituted by `cmy0' on input line 1348.
Package xcolor Info: Model `hsb' substituted by `rgb' on input line 1352.
Package xcolor Info: Model `RGB' extended on input line 1364.
Package xcolor Info: Model `HTML' substituted by `rgb' on input line 1366.
Package xcolor Info: Model `Hsb' substituted by `hsb' on input line 1367.
Package xcolor Info: Model `tHsb' substituted by `hsb' on input line 1368.
Package xcolor Info: Model `HSB' substituted by `hsb' on input line 1369.
Package xcolor Info: Model `Gray' substituted by `gray' on input line 1370.
Package xcolor Info: Model `wave' substituted by `hsb' on input line 1371.
)
(/usr/local/texlive/2020/texmf-dist/tex/latex/tools/longtable.sty
Package: longtable 2020/01/07 v4.13 Multi-page Table package (DPC)
\LTleft=\skip54
\LTright=\skip55
\LTpre=\skip56
\LTpost=\skip57
\LTchunksize=\count187
\LTcapwidth=\dimen153
\LT@head=\box45
\LT@firsthead=\box46
\LT@foot=\box47
\LT@lastfoot=\box48
\LT@cols=\count188
\LT@rows=\count189
\c@LT@tables=\count190
\c@LT@chunks=\count191
\LT@p@ftn=\toks17
)
(/usr/local/texlive/2020/texmf-dist/tex/latex/import/import.sty
Package: import 2020/01/22  v 6.0
)
(/usr/local/texlive/2020/texmf-dist/tex/latex/hyperref/hyperref.sty
Package: hyperref 2020/01/14 v7.00d Hypertext links for LaTeX

(/usr/local/texlive/2020/texmf-dist/tex/generic/ltxcmds/ltxcmds.sty
Package: ltxcmds 2019/12/15 v1.24 LaTeX kernel commands for general use (HO)
)
(/usr/local/texlive/2020/texmf-dist/tex/latex/pdftexcmds/pdftexcmds.sty
Package: pdftexcmds 2019/11/24 v0.31 Utility functions of pdfTeX for LuaTeX (HO
)

(/usr/local/texlive/2020/texmf-dist/tex/generic/infwarerr/infwarerr.sty
Package: infwarerr 2019/12/03 v1.5 Providing info/warning/error messages (HO)
)
Package pdftexcmds Info: \pdf@primitive is available.
Package pdftexcmds Info: \pdf@ifprimitive is available.
Package pdftexcmds Info: \pdfdraftmode found.
)
(/usr/local/texlive/2020/texmf-dist/tex/generic/kvsetkeys/kvsetkeys.sty
Package: kvsetkeys 2019/12/15 v1.18 Key value parser (HO)
)
(/usr/local/texlive/2020/texmf-dist/tex/generic/kvdefinekeys/kvdefinekeys.sty
Package: kvdefinekeys 2019-12-19 v1.6 Define keys (HO)
)
(/usr/local/texlive/2020/texmf-dist/tex/generic/pdfescape/pdfescape.sty
Package: pdfescape 2019/12/09 v1.15 Implements pdfTeX's escape features (HO)
)
(/usr/local/texlive/2020/texmf-dist/tex/latex/hycolor/hycolor.sty
Package: hycolor 2020-01-27 v1.10 Color options for hyperref/bookmark (HO)
)
(/usr/local/texlive/2020/texmf-dist/tex/latex/letltxmacro/letltxmacro.sty
Package: letltxmacro 2019/12/03 v1.6 Let assignment for LaTeX macros (HO)
)
(/usr/local/texlive/2020/texmf-dist/tex/latex/auxhook/auxhook.sty
Package: auxhook 2019-12-17 v1.6 Hooks for auxiliary files (HO)
)
(/usr/local/texlive/2020/texmf-dist/tex/latex/kvoptions/kvoptions.sty
Package: kvoptions 2019/11/29 v3.13 Key value format for package options (HO)
)
\@linkdim=\dimen154
\Hy@linkcounter=\count192
\Hy@pagecounter=\count193

(/usr/local/texlive/2020/texmf-dist/tex/latex/hyperref/pd1enc.def
File: pd1enc.def 2020/01/14 v7.00d Hyperref: PDFDocEncoding definition (HO)
Now handling font encoding PD1 ...
... no UTF-8 mapping file for font encoding PD1
)
(/usr/local/texlive/2020/texmf-dist/tex/generic/intcalc/intcalc.sty
Package: intcalc 2019/12/15 v1.3 Expandable calculations with integers (HO)
)
(/usr/local/texlive/2020/texmf-dist/tex/generic/etexcmds/etexcmds.sty
Package: etexcmds 2019/12/15 v1.7 Avoid name clashes with e-TeX commands (HO)
)
\Hy@SavedSpaceFactor=\count194
Package hyperref Info: Hyper figures OFF on input line 4547.
Package hyperref Info: Link nesting OFF on input line 4552.
Package hyperref Info: Hyper index ON on input line 4555.
Package hyperref Info: Plain pages OFF on input line 4562.
Package hyperref Info: Backreferencing OFF on input line 4567.
Package hyperref Info: Implicit mode ON; LaTeX internals redefined.
Package hyperref Info: Bookmarks ON on input line 4800.
\c@Hy@tempcnt=\count195

(/usr/local/texlive/2020/texmf-dist/tex/latex/url/url.sty
\Urlmuskip=\muskip16
Package: url 2013/09/16  ver 3.4  Verb mode for urls, etc.
)
LaTeX Info: Redefining \url on input line 5159.
\XeTeXLinkMargin=\dimen155

(/usr/local/texlive/2020/texmf-dist/tex/generic/bitset/bitset.sty
Package: bitset 2019/12/09 v1.3 Handle bit-vector datatype (HO)

(/usr/local/texlive/2020/texmf-dist/tex/generic/bigintcalc/bigintcalc.sty
Package: bigintcalc 2019/12/15 v1.5 Expandable calculations on big integers (HO
)
))
\Fld@menulength=\count196
\Field@Width=\dimen156
\Fld@charsize=\dimen157
Package hyperref Info: Hyper figures OFF on input line 6430.
Package hyperref Info: Link nesting OFF on input line 6435.
Package hyperref Info: Hyper index ON on input line 6438.
Package hyperref Info: backreferencing OFF on input line 6445.
Package hyperref Info: Link coloring OFF on input line 6450.
Package hyperref Info: Link coloring with OCG OFF on input line 6455.
Package hyperref Info: PDF/A mode OFF on input line 6460.
LaTeX Info: Redefining \ref on input line 6500.
LaTeX Info: Redefining \pageref on input line 6504.

(/usr/local/texlive/2020/texmf-dist/tex/generic/atbegshi/atbegshi.sty
Package: atbegshi 2019/12/05 v1.19 At begin shipout hook (HO)
)
\Hy@abspage=\count197
\c@Item=\count198
\c@Hfootnote=\count199
)
Package hyperref Info: Driver (autodetected): hpdftex.

(/usr/local/texlive/2020/texmf-dist/tex/latex/hyperref/hpdftex.def
File: hpdftex.def 2020/01/14 v7.00d Hyperref driver for pdfTeX

(/usr/local/texlive/2020/texmf-dist/tex/latex/atveryend/atveryend.sty
Package: atveryend 2019-12-11 v1.11 Hooks at the very end of document (HO)
Package atveryend Info: \enddocument detected (standard20110627).
)
\Fld@listcount=\count266
\c@bookmark@seq@number=\count267

(/usr/local/texlive/2020/texmf-dist/tex/latex/rerunfilecheck/rerunfilecheck.sty
Package: rerunfilecheck 2019/12/05 v1.9 Rerun checks for auxiliary files (HO)

(/usr/local/texlive/2020/texmf-dist/tex/generic/uniquecounter/uniquecounter.sty
Package: uniquecounter 2019/12/15 v1.4 Provide unlimited unique counter (HO)
)
Package uniquecounter Info: New unique counter `rerunfilecheck' on input line 2
86.
)
\Hy@SectionHShift=\skip58
)
(/usr/local/texlive/2020/texmf-dist/tex/latex/l3backend/l3backend-pdfmode.def
File: l3backend-pdfmode.def 2020-03-12 L3 backend support: PDF mode
\l__kernel_color_stack_int=\count268
\l__pdf_internal_box=\box49
)
(./empirical_estimations.aux

LaTeX Warning: Label `fig:test1' multiply defined.


LaTeX Warning: Label `fig:test2' multiply defined.


LaTeX Warning: Label `fig:test1' multiply defined.


LaTeX Warning: Label `fig:test1' multiply defined.


LaTeX Warning: Label `fig:test1' multiply defined.


LaTeX Warning: Label `fig:test2' multiply defined.


LaTeX Warning: Label `fig:test1' multiply defined.


LaTeX Warning: Label `fig:test2' multiply defined.


LaTeX Warning: Label `' multiply defined.


LaTeX Warning: Label `' multiply defined.

)
\openout1 = `empirical_estimations.aux'.

LaTeX Font Info:    Checking defaults for OML/cmm/m/it on input line 13.
LaTeX Font Info:    ... okay on input line 13.
LaTeX Font Info:    Checking defaults for OMS/cmsy/m/n on input line 13.
LaTeX Font Info:    ... okay on input line 13.
LaTeX Font Info:    Checking defaults for OT1/cmr/m/n on input line 13.
LaTeX Font Info:    ... okay on input line 13.
LaTeX Font Info:    Checking defaults for T1/cmr/m/n on input line 13.
LaTeX Font Info:    ... okay on input line 13.
LaTeX Font Info:    Checking defaults for TS1/cmr/m/n on input line 13.
LaTeX Font Info:    ... okay on input line 13.
LaTeX Font Info:    Checking defaults for OMX/cmex/m/n on input line 13.
LaTeX Font Info:    ... okay on input line 13.
LaTeX Font Info:    Checking defaults for U/cmr/m/n on input line 13.
LaTeX Font Info:    ... okay on input line 13.
LaTeX Font Info:    Checking defaults for PD1/pdf/m/n on input line 13.
LaTeX Font Info:    ... okay on input line 13.

*geometry* driver: auto-detecting
*geometry* detected driver: pdftex
*geometry* verbose mode - [ preamble ] result:
* driver: pdftex
* paper: a4paper
* layout: <same size as paper>
* layoutoffset:(h,v)=(0.0pt,0.0pt)
* modes: 
* h-part:(L,W,R)=(81.94394pt, 433.62pt, 81.94394pt)
* v-part:(T,H,B)=(135.66272pt, 505.89pt, 203.49413pt)
* \paperwidth=597.50787pt
* \paperheight=845.04684pt
* \textwidth=433.62pt
* \textheight=505.89pt
* \oddsidemargin=9.67395pt
* \evensidemargin=9.67395pt
* \topmargin=26.39273pt
* \headheight=12.0pt
* \headsep=25.0pt
* \topskip=10.0pt
* \footskip=30.0pt
* \marginparwidth=65.0pt
* \marginparsep=11.0pt
* \columnsep=10.0pt
* \skip\footins=9.0pt plus 4.0pt minus 2.0pt
* \hoffset=0.0pt
* \voffset=0.0pt
* \mag=1000
* \@twocolumnfalse
* \@twosidefalse
* \@mparswitchfalse
* \@reversemarginfalse
* (1in=72.27pt=25.4mm, 1cm=28.453pt)

Package caption Info: Begin \AtBeginDocument code.
Package caption Info: subfig package v1.3 is loaded.
Package caption Info: hyperref package is loaded.
Package caption Info: longtable package is loaded.
(/usr/local/texlive/2020/texmf-dist/tex/latex/caption/ltcaption.sty
Package: ltcaption 2018/08/26 v1.4a longtable captions (AR)
)
Package caption Info: End \AtBeginDocument code.

(/usr/local/texlive/2020/texmf-dist/tex/context/base/mkii/supp-pdf.mkii
[Loading MPS to PDF converter (version 2006.09.02).]
\scratchcounter=\count269
\scratchdimen=\dimen158
\scratchbox=\box50
\nofMPsegments=\count270
\nofMParguments=\count271
\everyMPshowfont=\toks18
\MPscratchCnt=\count272
\MPscratchDim=\dimen159
\MPnumerator=\count273
\makeMPintoPDFobject=\count274
\everyMPtoPDFconversion=\toks19
) (/usr/local/texlive/2020/texmf-dist/tex/latex/epstopdf-pkg/epstopdf-base.sty
Package: epstopdf-base 2020-01-24 v2.11 Base part for package epstopdf
Package epstopdf-base Info: Redefining graphics rule for `.eps' on input line 4
85.

(/usr/local/texlive/2020/texmf-dist/tex/latex/latexconfig/epstopdf-sys.cfg
File: epstopdf-sys.cfg 2010/07/13 v1.3 Configuration of (r)epstopdf for TeX Liv
e
))
\AtBeginShipoutBox=\box51
Package hyperref Info: Link coloring OFF on input line 13.

(/usr/local/texlive/2020/texmf-dist/tex/latex/hyperref/nameref.sty
Package: nameref 2019/09/16 v2.46 Cross-referencing by name of section

(/usr/local/texlive/2020/texmf-dist/tex/latex/refcount/refcount.sty
Package: refcount 2019/12/15 v3.6 Data extraction from label references (HO)
)
(/usr/local/texlive/2020/texmf-dist/tex/generic/gettitlestring/gettitlestring.s
ty
Package: gettitlestring 2019/12/15 v1.6 Cleanup title references (HO)
)
\c@section@level=\count275
)
LaTeX Info: Redefining \ref on input line 13.
LaTeX Info: Redefining \pageref on input line 13.
LaTeX Info: Redefining \nameref on input line 13.
 (./empirical_estimations.out) (./empirical_estimations.out)
\@outlinefile=\write3
\openout3 = `empirical_estimations.out'.

LaTeX Font Info:    External font `cmex10' loaded for size
(Font)              <7> on input line 19.
LaTeX Font Info:    External font `cmex10' loaded for size
(Font)              <5> on input line 19.

Underfull \hbox (badness 10000) in paragraph at lines 19--22

 []


Underfull \hbox (badness 10000) in paragraph at lines 52--53

 []

[1

{/usr/local/texlive/2020/texmf-var/fonts/map/pdftex/updmap/pdftex.map}]
[2]
<../../data/02-outcomes/01-policy_positioning/00-roll_call/02-graphs/dw_nominat
eLX.png, id=49, 3793.17125pt x 2714.14pt>
File: ../../data/02-outcomes/01-policy_positioning/00-roll_call/02-graphs/dw_no
minateLX.png Graphic file (type png)
<use ../../data/02-outcomes/01-policy_positioning/00-roll_call/02-graphs/dw_nom
inateLX.png>
Package pdftex.def Info: ../../data/02-outcomes/01-policy_positioning/00-roll_c
all/02-graphs/dw_nominateLX.png  used on input line 88.
(pdftex.def)             Requested size: 216.81pt x 155.09688pt.
<../../data/02-outcomes/01-policy_positioning/00-roll_call/02-graphs/dw_nominat
e_densityLX.png, id=51, 3793.17125pt x 2714.14pt>
File: ../../data/02-outcomes/01-policy_positioning/00-roll_call/02-graphs/dw_no
minate_densityLX.png Graphic file (type png)
<use ../../data/02-outcomes/01-policy_positioning/00-roll_call/02-graphs/dw_nom
inate_densityLX.png>
Package pdftex.def Info: ../../data/02-outcomes/01-policy_positioning/00-roll_c
all/02-graphs/dw_nominate_densityLX.png  used on input line 94.
(pdftex.def)             Requested size: 216.81pt x 155.09688pt.
<../../data/02-outcomes/01-policy_positioning/00-roll_call/02-graphs/dw_nominat
eLXI.png, id=52, 3793.17125pt x 2714.14pt>
File: ../../data/02-outcomes/01-policy_positioning/00-roll_call/02-graphs/dw_no
minateLXI.png Graphic file (type png)
<use ../../data/02-outcomes/01-policy_positioning/00-roll_call/02-graphs/dw_nom
inateLXI.png>
Package pdftex.def Info: ../../data/02-outcomes/01-policy_positioning/00-roll_c
all/02-graphs/dw_nominateLXI.png  used on input line 104.
(pdftex.def)             Requested size: 216.81pt x 155.09688pt.
<../../data/02-outcomes/01-policy_positioning/00-roll_call/02-graphs/dw_nominat
e_densityLXI.png, id=53, 3793.17125pt x 2714.14pt>
File: ../../data/02-outcomes/01-policy_positioning/00-roll_call/02-graphs/dw_no
minate_densityLXI.png Graphic file (type png)
<use ../../data/02-outcomes/01-policy_positioning/00-roll_call/02-graphs/dw_nom
inate_densityLXI.png>
Package pdftex.def Info: ../../data/02-outcomes/01-policy_positioning/00-roll_c
all/02-graphs/dw_nominate_densityLXI.png  used on input line 110.
(pdftex.def)             Requested size: 216.81pt x 155.09688pt.


LaTeX Warning: `!h' float specifier changed to `!ht'.

<../../data/02-outcomes/01-policy_positioning/00-roll_call/02-graphs/dw_nominat
eLXII.png, id=54, 3793.17125pt x 2714.14pt>
File: ../../data/02-outcomes/01-policy_positioning/00-roll_call/02-graphs/dw_no
minateLXII.png Graphic file (type png)
<use ../../data/02-outcomes/01-policy_positioning/00-roll_call/02-graphs/dw_nom
inateLXII.png>
Package pdftex.def Info: ../../data/02-outcomes/01-policy_positioning/00-roll_c
all/02-graphs/dw_nominateLXII.png  used on input line 120.
(pdftex.def)             Requested size: 216.81pt x 155.09688pt.
<../../data/02-outcomes/01-policy_positioning/00-roll_call/02-graphs/dw_nominat
e_densityLXII.png, id=55, 3793.17125pt x 2714.14pt>
File: ../../data/02-outcomes/01-policy_positioning/00-roll_call/02-graphs/dw_no
minate_densityLXII.png Graphic file (type png)
<use ../../data/02-outcomes/01-policy_positioning/00-roll_call/02-graphs/dw_nom
inate_densityLXII.png>
Package pdftex.def Info: ../../data/02-outcomes/01-policy_positioning/00-roll_c
all/02-graphs/dw_nominate_densityLXII.png  used on input line 126.
(pdftex.def)             Requested size: 216.81pt x 155.09688pt.

LaTeX Warning: `!h' float specifier changed to `!ht'.

<../../data/02-outcomes/01-policy_positioning/00-roll_call/02-graphs/dw_nominat
eLXIII.png, id=56, 3793.17125pt x 2714.14pt>
File: ../../data/02-outcomes/01-policy_positioning/00-roll_call/02-graphs/dw_no
minateLXIII.png Graphic file (type png)
<use ../../data/02-outcomes/01-policy_positioning/00-roll_call/02-graphs/dw_nom
inateLXIII.png>
Package pdftex.def Info: ../../data/02-outcomes/01-policy_positioning/00-roll_c
all/02-graphs/dw_nominateLXIII.png  used on input line 136.
(pdftex.def)             Requested size: 216.81pt x 155.09688pt.
<../../data/02-outcomes/01-policy_positioning/00-roll_call/02-graphs/dw_nominat
e_densityLXIII.png, id=57, 3793.17125pt x 2714.14pt>
File: ../../data/02-outcomes/01-policy_positioning/00-roll_call/02-graphs/dw_no
minate_densityLXIII.png Graphic file (type png)
<use ../../data/02-outcomes/01-policy_positioning/00-roll_call/02-graphs/dw_nom
inate_densityLXIII.png>
Package pdftex.def Info: ../../data/02-outcomes/01-policy_positioning/00-roll_c
all/02-graphs/dw_nominate_densityLXIII.png  used on input line 142.
(pdftex.def)             Requested size: 216.81pt x 155.09688pt.

LaTeX Warning: `!h' float specifier changed to `!ht'.

<../../data/02-outcomes/01-policy_positioning/00-roll_call/02-graphs/dw_nominat
eLXIV.png, id=58, 3793.17125pt x 2714.14pt>
File: ../../data/02-outcomes/01-policy_positioning/00-roll_call/02-graphs/dw_no
minateLXIV.png Graphic file (type png)
<use ../../data/02-outcomes/01-policy_positioning/00-roll_call/02-graphs/dw_nom
inateLXIV.png>
Package pdftex.def Info: ../../data/02-outcomes/01-policy_positioning/00-roll_c
all/02-graphs/dw_nominateLXIV.png  used on input line 152.
(pdftex.def)             Requested size: 216.81pt x 155.09688pt.
<../../data/02-outcomes/01-policy_positioning/00-roll_call/02-graphs/dw_nominat
e_densityLXIV.png, id=59, 3793.17125pt x 2714.14pt>
File: ../../data/02-outcomes/01-policy_positioning/00-roll_call/02-graphs/dw_no
minate_densityLXIV.png Graphic file (type png)
<use ../../data/02-outcomes/01-policy_positioning/00-roll_call/02-graphs/dw_nom
inate_densityLXIV.png>
Package pdftex.def Info: ../../data/02-outcomes/01-policy_positioning/00-roll_c
all/02-graphs/dw_nominate_densityLXIV.png  used on input line 158.
(pdftex.def)             Requested size: 216.81pt x 155.09688pt.

LaTeX Warning: `!h' float specifier changed to `!ht'.

[3 <../../data/02-outcomes/01-policy_positioning/00-roll_call/02-graphs/dw_nomi
nateLX.png> <../../data/02-outcomes/01-policy_positioning/00-roll_call/02-graph
s/dw_nominate_densityLX.png>] [4 <../../data/02-outcomes/01-policy_positioning/
00-roll_call/02-graphs/dw_nominateLXI.png> <../../data/02-outcomes/01-policy_po
sitioning/00-roll_call/02-graphs/dw_nominate_densityLXI.png> <../../data/02-out
comes/01-policy_positioning/00-roll_call/02-graphs/dw_nominateLXII.png> <../../
data/02-outcomes/01-policy_positioning/00-roll_call/02-graphs/dw_nominate_densi
tyLXII.png>] [5 <../../data/02-outcomes/01-policy_positioning/00-roll_call/02-g
raphs/dw_nominateLXIII.png> <../../data/02-outcomes/01-policy_positioning/00-ro
ll_call/02-graphs/dw_nominate_densityLXIII.png> <../../data/02-outcomes/01-poli
cy_positioning/00-roll_call/02-graphs/dw_nominateLXIV.png> <../../data/02-outco
mes/01-policy_positioning/00-roll_call/02-graphs/dw_nominate_densityLXIV.png>]
<../../data/02-outcomes/01-policy_positioning/01-text_analysis/wordfish/01_lda/
descriptive/wordcloud_topic2.png, id=89, 700.6175pt x 654.445pt>
File: ../../data/02-outcomes/01-policy_positioning/01-text_analysis/wordfish/01
_lda/descriptive/wordcloud_topic2.png Graphic file (type png)
<use ../../data/02-outcomes/01-policy_positioning/01-text_analysis/wordfish/01_
lda/descriptive/wordcloud_topic2.png>
Package pdftex.def Info: ../../data/02-outcomes/01-policy_positioning/01-text_a
nalysis/wordfish/01_lda/descriptive/wordcloud_topic2.png  used on input line 19
3.
(pdftex.def)             Requested size: 108.405pt x 101.25818pt.
<../../data/02-outcomes/01-policy_positioning/01-text_analysis/wordfish/01_lda/
descriptive/wordcloud_topic4.png, id=90, 700.6175pt x 654.445pt>
File: ../../data/02-outcomes/01-policy_positioning/01-text_analysis/wordfish/01
_lda/descriptive/wordcloud_topic4.png Graphic file (type png)
<use ../../data/02-outcomes/01-policy_positioning/01-text_analysis/wordfish/01_
lda/descriptive/wordcloud_topic4.png>
Package pdftex.def Info: ../../data/02-outcomes/01-policy_positioning/01-text_a
nalysis/wordfish/01_lda/descriptive/wordcloud_topic4.png  used on input line 19
7.
(pdftex.def)             Requested size: 108.405pt x 101.25818pt.
<../../data/02-outcomes/01-policy_positioning/01-text_analysis/wordfish/01_lda/
descriptive/wordcloud_topic8.png, id=91, 700.6175pt x 654.445pt>
File: ../../data/02-outcomes/01-policy_positioning/01-text_analysis/wordfish/01
_lda/descriptive/wordcloud_topic8.png Graphic file (type png)
<use ../../data/02-outcomes/01-policy_positioning/01-text_analysis/wordfish/01_
lda/descriptive/wordcloud_topic8.png>
Package pdftex.def Info: ../../data/02-outcomes/01-policy_positioning/01-text_a
nalysis/wordfish/01_lda/descriptive/wordcloud_topic8.png  used on input line 20
1.
(pdftex.def)             Requested size: 108.405pt x 101.25818pt.
<../../data/02-outcomes/01-policy_positioning/01-text_analysis/wordfish/01_lda/
descriptive/wordcloud_topic20.png, id=92, 700.6175pt x 654.445pt>
File: ../../data/02-outcomes/01-policy_positioning/01-text_analysis/wordfish/01
_lda/descriptive/wordcloud_topic20.png Graphic file (type png)
<use ../../data/02-outcomes/01-policy_positioning/01-text_analysis/wordfish/01_
lda/descriptive/wordcloud_topic20.png>
Package pdftex.def Info: ../../data/02-outcomes/01-policy_positioning/01-text_a
nalysis/wordfish/01_lda/descriptive/wordcloud_topic20.png  used on input line 2
05.
(pdftex.def)             Requested size: 108.405pt x 101.25818pt.
<../../data/02-outcomes/01-policy_positioning/01-text_analysis/wordfish/01_lda/
descriptive/wordcloud_topic10.png, id=93, 700.6175pt x 654.445pt>
File: ../../data/02-outcomes/01-policy_positioning/01-text_analysis/wordfish/01
_lda/descriptive/wordcloud_topic10.png Graphic file (type png)
<use ../../data/02-outcomes/01-policy_positioning/01-text_analysis/wordfish/01_
lda/descriptive/wordcloud_topic10.png>
Package pdftex.def Info: ../../data/02-outcomes/01-policy_positioning/01-text_a
nalysis/wordfish/01_lda/descriptive/wordcloud_topic10.png  used on input line 2
09.
(pdftex.def)             Requested size: 108.405pt x 101.25818pt.
<../../data/02-outcomes/01-policy_positioning/01-text_analysis/wordfish/01_lda/
descriptive/wordcloud_topic13.png, id=94, 700.6175pt x 654.445pt>
File: ../../data/02-outcomes/01-policy_positioning/01-text_analysis/wordfish/01
_lda/descriptive/wordcloud_topic13.png Graphic file (type png)
<use ../../data/02-outcomes/01-policy_positioning/01-text_analysis/wordfish/01_
lda/descriptive/wordcloud_topic13.png>
Package pdftex.def Info: ../../data/02-outcomes/01-policy_positioning/01-text_a
nalysis/wordfish/01_lda/descriptive/wordcloud_topic13.png  used on input line 2
13.
(pdftex.def)             Requested size: 108.405pt x 101.25818pt.
<../../data/02-outcomes/01-policy_positioning/01-text_analysis/wordfish/01_lda/
descriptive/wordcloud_topic15.png, id=95, 700.6175pt x 654.445pt>
File: ../../data/02-outcomes/01-policy_positioning/01-text_analysis/wordfish/01
_lda/descriptive/wordcloud_topic15.png Graphic file (type png)
<use ../../data/02-outcomes/01-policy_positioning/01-text_analysis/wordfish/01_
lda/descriptive/wordcloud_topic15.png>
Package pdftex.def Info: ../../data/02-outcomes/01-policy_positioning/01-text_a
nalysis/wordfish/01_lda/descriptive/wordcloud_topic15.png  used on input line 2
17.
(pdftex.def)             Requested size: 108.405pt x 101.25818pt.
<../../data/02-outcomes/01-policy_positioning/01-text_analysis/wordfish/01_lda/
descriptive/wordcloud_topic16.png, id=96, 700.6175pt x 654.445pt>
File: ../../data/02-outcomes/01-policy_positioning/01-text_analysis/wordfish/01
_lda/descriptive/wordcloud_topic16.png Graphic file (type png)
<use ../../data/02-outcomes/01-policy_positioning/01-text_analysis/wordfish/01_
lda/descriptive/wordcloud_topic16.png>
Package pdftex.def Info: ../../data/02-outcomes/01-policy_positioning/01-text_a
nalysis/wordfish/01_lda/descriptive/wordcloud_topic16.png  used on input line 2
21.
(pdftex.def)             Requested size: 108.405pt x 101.25818pt.

Underfull \hbox (badness 10000) in paragraph at lines 190--224

 []


Overfull \hbox (6.66664pt too wide) in paragraph at lines 190--224
[]$ $[]$ $[]$ $[]$
 []


Overfull \hbox (6.66664pt too wide) in paragraph at lines 190--224
[]$ $[]$ $[]$ $[]$ 
 []

[6]
<../../data/02-outcomes/01-policy_positioning/01-text_analysis/wordfish/01_lda/
descriptive/topics_across_congress.png, id=105, 1085.05376pt x 743.77875pt>
File: ../../data/02-outcomes/01-policy_positioning/01-text_analysis/wordfish/01
_lda/descriptive/topics_across_congress.png Graphic file (type png)
<use ../../data/02-outcomes/01-policy_positioning/01-text_analysis/wordfish/01_
lda/descriptive/topics_across_congress.png>
Package pdftex.def Info: ../../data/02-outcomes/01-policy_positioning/01-text_a
nalysis/wordfish/01_lda/descriptive/topics_across_congress.png  used on input l
ine 230.
(pdftex.def)             Requested size: 433.62pt x 297.23384pt.


LaTeX Warning: `!h' float specifier changed to `!ht'.

<../../data/02-outcomes/01-policy_positioning/01-text_analysis/wordfish/04_idea
l_figures/1-features/genero_60.png, id=106, 4131.435pt x 3370.5925pt>
File: ../../data/02-outcomes/01-policy_positioning/01-text_analysis/wordfish/04
_ideal_figures/1-features/genero_60.png Graphic file (type png)
<use ../../data/02-outcomes/01-policy_positioning/01-text_analysis/wordfish/04_
ideal_figures/1-features/genero_60.png>
Package pdftex.def Info: ../../data/02-outcomes/01-policy_positioning/01-text_a
nalysis/wordfish/04_ideal_figures/1-features/genero_60.png  used on input line 
238.
(pdftex.def)             Requested size: 216.81pt x 176.87132pt.
<../../data/02-outcomes/01-policy_positioning/01-text_analysis/wordfish/04_idea
l_figures/2-documents/genero_60.png, id=107, 4131.435pt x 3370.5925pt>
File: ../../data/02-outcomes/01-policy_positioning/01-text_analysis/wordfish/04
_ideal_figures/2-documents/genero_60.png Graphic file (type png)
<use ../../data/02-outcomes/01-policy_positioning/01-text_analysis/wordfish/04_
ideal_figures/2-documents/genero_60.png>
Package pdftex.def Info: ../../data/02-outcomes/01-policy_positioning/01-text_a
nalysis/wordfish/04_ideal_figures/2-documents/genero_60.png  used on input line
 242.
(pdftex.def)             Requested size: 216.81pt x 176.87132pt.

Underfull \hbox (badness 10000) in paragraph at lines 235--245

 []


Overfull \hbox (2.22221pt too wide) in paragraph at lines 235--245
[]$ $[]$ 
 []

[7 <../../data/02-outcomes/01-policy_positioning/01-text_analysis/wordfish/01_l
da/descriptive/wordcloud_topic2.png> <../../data/02-outcomes/01-policy_position
ing/01-text_analysis/wordfish/01_lda/descriptive/wordcloud_topic4.png> <../../d
ata/02-outcomes/01-policy_positioning/01-text_analysis/wordfish/01_lda/descript
ive/wordcloud_topic8.png> <../../data/02-outcomes/01-policy_positioning/01-text
_analysis/wordfish/01_lda/descriptive/wordcloud_topic20.png> <../../data/02-out
comes/01-policy_positioning/01-text_analysis/wordfish/01_lda/descriptive/wordcl
oud_topic10.png> <../../data/02-outcomes/01-policy_positioning/01-text_analysis
/wordfish/01_lda/descriptive/wordcloud_topic13.png> <../../data/02-outcomes/01-
policy_positioning/01-text_analysis/wordfish/01_lda/descriptive/wordcloud_topic
15.png> <../../data/02-outcomes/01-policy_positioning/01-text_analysis/wordfish
/01_lda/descriptive/wordcloud_topic16.png>]
Overfull \vbox (10.57626pt too high) has occurred while \output is active []


[8 <../../data/02-outcomes/01-policy_positioning/01-text_analysis/wordfish/01_l
da/descriptive/topics_across_congress.png> <../../data/02-outcomes/01-policy_po
sitioning/01-text_analysis/wordfish/04_ideal_figures/1-features/genero_60.png> 
<../../data/02-outcomes/01-policy_positioning/01-text_analysis/wordfish/04_idea
l_figures/2-documents/genero_60.png>]
LaTeX Font Info:    Trying to load font information for OMS+cmr on input line 2
56.

(/usr/local/texlive/2020/texmf-dist/tex/latex/base/omscmr.fd
File: omscmr.fd 2019/12/16 v2.5j Standard LaTeX font definitions
)
LaTeX Font Info:    Font shape `OMS/cmr/m/it' in size <10> not available
(Font)              Font shape `OMS/cmsy/m/n' tried instead on input line 256.

Underfull \hbox (badness 10000) in paragraph at lines 256--263

 []


Underfull \hbox (badness 10000) in paragraph at lines 256--263

 []


Underfull \hbox (badness 10000) in paragraph at lines 256--263

 []

[9] [10]
Overfull \hbox (73.26987pt too wide) in paragraph at lines 267--320
 [][] 
 []


LaTeX Warning: Float too large for page by 91.46008pt on input line 320.


Overfull \hbox (59.79747pt too wide) in paragraph at lines 326--386
 [][] 
 []


LaTeX Warning: Float too large for page by 175.46008pt on input line 386.


Overfull \hbox (68.68658pt too wide) in paragraph at lines 391--442
 [][] 
 []


LaTeX Warning: Float too large for page by 67.46008pt on input line 442.

Package atveryend Info: Empty hook `BeforeClearDocument' on input line 445.
[11] [12] [13] [14]
Package atveryend Info: Empty hook `AfterLastShipout' on input line 445.
 (./empirical_estimations.aux)
Package atveryend Info: Executing hook `AtVeryEndDocument' on input line 445.
Package atveryend Info: Executing hook `AtEndAfterFileList' on input line 445.
Package rerunfilecheck Info: File `empirical_estimations.out' has not changed.
(rerunfilecheck)             Checksum: 0A38B7F8EE33B7C12BAAC5EC541DB52D;498.


LaTeX Warning: There were multiply-defined labels.

Package atveryend Info: Empty hook `AtVeryVeryEnd' on input line 445.
 ) 
Here is how much of TeX's memory you used:
 7615 strings out of 480608
 127773 string characters out of 5903631
 421538 words of memory out of 5000000
 23345 multiletter control sequences out of 15000+600000
 534370 words of font info for 31 fonts, out of 8000000 for 9000
 1141 hyphenation exceptions out of 8191
 50i,10n,48p,2638b,378s stack positions out of 5000i,500n,10000p,200000b,80000s
</usr/local/texlive/2020/texmf-dist/fonts/type1/public/amsfonts/cm/cmbx10.pfb
></usr/local/texlive/2020/texmf-dist/fonts/type1/public/amsfonts/cm/cmbx12.pfb>
</usr/local/texlive/2020/texmf-dist/fonts/type1/public/amsfonts/cm/cmmi10.pfb><
/usr/local/texlive/2020/texmf-dist/fonts/type1/public/amsfonts/cm/cmmi7.pfb></u
sr/local/texlive/2020/texmf-dist/fonts/type1/public/amsfonts/cm/cmr10.pfb></usr
/local/texlive/2020/texmf-dist/fonts/type1/public/amsfonts/cm/cmr7.pfb></usr/lo
cal/texlive/2020/texmf-dist/fonts/type1/public/amsfonts/cm/cmsy10.pfb></usr/loc
al/texlive/2020/texmf-dist/fonts/type1/public/amsfonts/cm/cmsy7.pfb></usr/local
/texlive/2020/texmf-dist/fonts/type1/public/amsfonts/cm/cmti10.pfb></usr/local/
texlive/2020/texmf-dist/fonts/type1/public/amsfonts/cm/cmtt10.pfb>
Output written on empirical_estimations.pdf (14 pages, 6580302 bytes).
PDF statistics:
 203 PDF objects out of 1000 (max. 8388607)
 133 compressed objects within 2 object streams
 35 named destinations out of 1000 (max. 500000)
 162 words of extra memory for PDF output out of 10000 (max. 10000000)

