This is pdfTeX, Version 3.14159265-2.6-1.40.21 (TeX Live 2020) (preloaded format=pdflatex 2020.4.7)  7 DEC 2020 00:56
entering extended mode
 restricted \write18 enabled.
 %&-line parsing enabled.
**appendix_text.tex
(./appendix_text.tex
LaTeX2e <2020-02-02> patch level 5
L3 programming layer <2020-03-06>
(/usr/local/texlive/2020/texmf-dist/tex/latex/base/article.cls
Document Class: article 2019/12/20 v1.4l Standard LaTeX document class
(/usr/local/texlive/2020/texmf-dist/tex/latex/base/size10.clo
File: size10.clo 2019/12/20 v1.4l Standard LaTeX file (size option)
)
\c@part=\count167
\c@section=\count168
\c@subsection=\count169
\c@subsubsection=\count170
\c@paragraph=\count171
\c@subparagraph=\count172
\c@figure=\count173
\c@table=\count174
\abovecaptionskip=\skip47
\belowcaptionskip=\skip48
\bibindent=\dimen134
)
(/usr/local/texlive/2020/texmf-dist/tex/latex/geometry/geometry.sty
Package: geometry 2020/01/02 v5.9 Page Geometry

(/usr/local/texlive/2020/texmf-dist/tex/latex/graphics/keyval.sty
Package: keyval 2014/10/28 v1.15 key=value parser (DPC)
\KV@toks@=\toks15
)
(/usr/local/texlive/2020/texmf-dist/tex/generic/iftex/ifvtex.sty
Package: ifvtex 2019/10/25 v1.7 ifvtex legacy package. Use iftex instead.

(/usr/local/texlive/2020/texmf-dist/tex/generic/iftex/iftex.sty
Package: iftex 2020/03/06 v1.0d TeX engine tests
))
\Gm@cnth=\count175
\Gm@cntv=\count176
\c@Gm@tempcnt=\count177
\Gm@bindingoffset=\dimen135
\Gm@wd@mp=\dimen136
\Gm@odd@mp=\dimen137
\Gm@even@mp=\dimen138
\Gm@layoutwidth=\dimen139
\Gm@layoutheight=\dimen140
\Gm@layouthoffset=\dimen141
\Gm@layoutvoffset=\dimen142
\Gm@dimlist=\toks16
)
(/usr/local/texlive/2020/texmf-dist/tex/latex/graphics/graphicx.sty
Package: graphicx 2019/11/30 v1.2a Enhanced LaTeX Graphics (DPC,SPQR)

(/usr/local/texlive/2020/texmf-dist/tex/latex/graphics/graphics.sty
Package: graphics 2019/11/30 v1.4a Standard LaTeX Graphics (DPC,SPQR)

(/usr/local/texlive/2020/texmf-dist/tex/latex/graphics/trig.sty
Package: trig 2016/01/03 v1.10 sin cos tan (DPC)
)
(/usr/local/texlive/2020/texmf-dist/tex/latex/graphics-cfg/graphics.cfg
File: graphics.cfg 2016/06/04 v1.11 sample graphics configuration
)
Package graphics Info: Driver file: pdftex.def on input line 105.

(/usr/local/texlive/2020/texmf-dist/tex/latex/graphics-def/pdftex.def
File: pdftex.def 2018/01/08 v1.0l Graphics/color driver for pdftex
))
\Gin@req@height=\dimen143
\Gin@req@width=\dimen144
)
(/usr/local/texlive/2020/texmf-dist/tex/latex/caption/caption.sty
Package: caption 2020/01/03 v3.4h Customizing captions (AR)

(/usr/local/texlive/2020/texmf-dist/tex/latex/caption/caption3.sty
Package: caption3 2020/01/03 v1.8h caption3 kernel (AR)
Package caption3 Info: TeX engine: e-TeX on input line 61.
\captionmargin=\dimen145
\captionmargin@=\dimen146
\captionwidth=\dimen147
\caption@tempdima=\dimen148
\caption@indent=\dimen149
\caption@parindent=\dimen150
\caption@hangindent=\dimen151
Package caption Info: Standard document class detected.
)
\c@caption@flags=\count178
\c@continuedfloat=\count179
)
(/usr/local/texlive/2020/texmf-dist/tex/latex/xcolor/xcolor.sty
Package: xcolor 2016/05/11 v2.12 LaTeX color extensions (UK)

(/usr/local/texlive/2020/texmf-dist/tex/latex/graphics-cfg/color.cfg
File: color.cfg 2016/01/02 v1.6 sample color configuration
)
Package xcolor Info: Driver file: pdftex.def on input line 225.
Package xcolor Info: Model `cmy' substituted by `cmy0' on input line 1348.
Package xcolor Info: Model `hsb' substituted by `rgb' on input line 1352.
Package xcolor Info: Model `RGB' extended on input line 1364.
Package xcolor Info: Model `HTML' substituted by `rgb' on input line 1366.
Package xcolor Info: Model `Hsb' substituted by `hsb' on input line 1367.
Package xcolor Info: Model `tHsb' substituted by `hsb' on input line 1368.
Package xcolor Info: Model `HSB' substituted by `hsb' on input line 1369.
Package xcolor Info: Model `Gray' substituted by `gray' on input line 1370.
Package xcolor Info: Model `wave' substituted by `hsb' on input line 1371.
)
(/usr/local/texlive/2020/texmf-dist/tex/latex/l3backend/l3backend-pdfmode.def
File: l3backend-pdfmode.def 2020-03-12 L3 backend support: PDF mode
\l__kernel_color_stack_int=\count180
\l__pdf_internal_box=\box45
)
(./appendix_text.aux

LaTeX Warning: Label `fig:test1' multiply defined.


LaTeX Warning: Label `fig:test1' multiply defined.

)
\openout1 = `appendix_text.aux'.

LaTeX Font Info:    Checking defaults for OML/cmm/m/it on input line 11.
LaTeX Font Info:    ... okay on input line 11.
LaTeX Font Info:    Checking defaults for OMS/cmsy/m/n on input line 11.
LaTeX Font Info:    ... okay on input line 11.
LaTeX Font Info:    Checking defaults for OT1/cmr/m/n on input line 11.
LaTeX Font Info:    ... okay on input line 11.
LaTeX Font Info:    Checking defaults for T1/cmr/m/n on input line 11.
LaTeX Font Info:    ... okay on input line 11.
LaTeX Font Info:    Checking defaults for TS1/cmr/m/n on input line 11.
LaTeX Font Info:    ... okay on input line 11.
LaTeX Font Info:    Checking defaults for OMX/cmex/m/n on input line 11.
LaTeX Font Info:    ... okay on input line 11.
LaTeX Font Info:    Checking defaults for U/cmr/m/n on input line 11.
LaTeX Font Info:    ... okay on input line 11.

*geometry* driver: auto-detecting
*geometry* detected driver: pdftex
*geometry* verbose mode - [ preamble ] result:
* driver: pdftex
* paper: a4paper
* layout: <same size as paper>
* layoutoffset:(h,v)=(0.0pt,0.0pt)
* modes: 
* h-part:(L,W,R)=(81.94394pt, 433.62pt, 81.94394pt)
* v-part:(T,H,B)=(48.93872pt, 722.7pt, 73.40813pt)
* \paperwidth=597.50787pt
* \paperheight=845.04684pt
* \textwidth=433.62pt
* \textheight=722.7pt
* \oddsidemargin=9.67395pt
* \evensidemargin=9.67395pt
* \topmargin=-60.33127pt
* \headheight=12.0pt
* \headsep=25.0pt
* \topskip=10.0pt
* \footskip=30.0pt
* \marginparwidth=65.0pt
* \marginparsep=11.0pt
* \columnsep=10.0pt
* \skip\footins=9.0pt plus 4.0pt minus 2.0pt
* \hoffset=0.0pt
* \voffset=0.0pt
* \mag=1000
* \@twocolumnfalse
* \@twosidefalse
* \@mparswitchfalse
* \@reversemarginfalse
* (1in=72.27pt=25.4mm, 1cm=28.453pt)

(/usr/local/texlive/2020/texmf-dist/tex/context/base/mkii/supp-pdf.mkii
[Loading MPS to PDF converter (version 2006.09.02).]
\scratchcounter=\count181
\scratchdimen=\dimen152
\scratchbox=\box46
\nofMPsegments=\count182
\nofMParguments=\count183
\everyMPshowfont=\toks17
\MPscratchCnt=\count184
\MPscratchDim=\dimen153
\MPnumerator=\count185
\makeMPintoPDFobject=\count186
\everyMPtoPDFconversion=\toks18
) (/usr/local/texlive/2020/texmf-dist/tex/latex/epstopdf-pkg/epstopdf-base.sty
Package: epstopdf-base 2020-01-24 v2.11 Base part for package epstopdf
Package epstopdf-base Info: Redefining graphics rule for `.eps' on input line 4
85.

(/usr/local/texlive/2020/texmf-dist/tex/latex/latexconfig/epstopdf-sys.cfg
File: epstopdf-sys.cfg 2010/07/13 v1.3 Configuration of (r)epstopdf for TeX Liv
e
))
Package caption Info: Begin \AtBeginDocument code.
Package caption Info: End \AtBeginDocument code.
LaTeX Font Info:    External font `cmex10' loaded for size
(Font)              <7> on input line 19.
LaTeX Font Info:    External font `cmex10' loaded for size
(Font)              <5> on input line 19.

Underfull \hbox (badness 10000) in paragraph at lines 59--66

 []


Underfull \hbox (badness 10000) in paragraph at lines 59--66

 []


Underfull \hbox (badness 10000) in paragraph at lines 59--66

 []

[1

{/usr/local/texlive/2020/texmf-var/fonts/map/pdftex/updmap/pdftex.map}]
</Users/cblanesg/cam.blanes Dropbox/Camila Blanes/Congressional-dataMX/data/02-
outcomes/01-policy_positioning/01-text_analysis/wordfish/01_lda/terms.png, id=1
3, 4206.71625pt x 2714.14pt>
File: /Users/cblanesg/cam.blanes Dropbox/Camila Blanes/Congressional-dataMX/dat
a/02-outcomes/01-policy_positioning/01-text_analysis/wordfish/01_lda/terms.png 
Graphic file (type png)
<use /Users/cblanesg/cam.blanes Dropbox/Camila Blanes/Congressional-dataMX/data
/02-outcomes/01-policy_positioning/01-text_analysis/wordfish/01_lda/terms.png>
Package pdftex.def Info: /Users/cblanesg/cam.blanes Dropbox/Camila Blanes/Congr
essional-dataMX/data/02-outcomes/01-policy_positioning/01-text_analysis/wordfis
h/01_lda/terms.png  used on input line 71.
(pdftex.def)             Requested size: 433.62pt x 279.7542pt.
</Users/cblanesg/cam.blanes Dropbox/Camila Blanes/Congressional-dataMX/data/02-
outcomes/01-policy_positioning/01-text_analysis/wordfish/01_lda/budget.png, id=
15, 823.075pt x 666.49pt>
File: /Users/cblanesg/cam.blanes Dropbox/Camila Blanes/Congressional-dataMX/dat
a/02-outcomes/01-policy_positioning/01-text_analysis/wordfish/01_lda/budget.png
 Graphic file (type png)
<use /Users/cblanesg/cam.blanes Dropbox/Camila Blanes/Congressional-dataMX/data
/02-outcomes/01-policy_positioning/01-text_analysis/wordfish/01_lda/budget.png>

Package pdftex.def Info: /Users/cblanesg/cam.blanes Dropbox/Camila Blanes/Congr
essional-dataMX/data/02-outcomes/01-policy_positioning/01-text_analysis/wordfis
h/01_lda/budget.png  used on input line 81.
(pdftex.def)             Requested size: 216.81pt x 175.56134pt.
</Users/cblanesg/cam.blanes Dropbox/Camila Blanes/Congressional-dataMX/data/02-
outcomes/01-policy_positioning/01-text_analysis/wordfish/01_lda/Health Care.png
, id=16, 1015.795pt x 666.49pt>
File: /Users/cblanesg/cam.blanes Dropbox/Camila Blanes/Congressional-dataMX/dat
a/02-outcomes/01-policy_positioning/01-text_analysis/wordfish/01_lda/Health Car
e.png Graphic file (type png)
<use /Users/cblanesg/cam.blanes Dropbox/Camila Blanes/Congressional-dataMX/data
/02-outcomes/01-policy_positioning/01-text_analysis/wordfish/01_lda/Health Care
.png>
Package pdftex.def Info: /Users/cblanesg/cam.blanes Dropbox/Camila Blanes/Congr
essional-dataMX/data/02-outcomes/01-policy_positioning/01-text_analysis/wordfis
h/01_lda/Health Care.png  used on input line 87.
(pdftex.def)             Requested size: 260.17133pt x 170.70018pt.

Overfull \hbox (43.36133pt too wide) in paragraph at lines 87--89
 [][] 
 []


LaTeX Warning: `!h' float specifier changed to `!ht'.

[2 </Users/cblanesg/cam.blanes Dropbox/Camila Blanes/Congressional-dataMX/data/
02-outcomes/01-policy_positioning/01-text_analysis/wordfish/01_lda/terms.png>]
</Users/cblanesg/cam.blanes Dropbox/Camila Blanes/Congressional-dataMX/data/02-
outcomes/01-policy_positioning/01-text_analysis/wordfish/01_lda/topics by congr
ess.png, id=21, 1147.28625pt x 741.77126pt>
File: /Users/cblanesg/cam.blanes Dropbox/Camila Blanes/Congressional-dataMX/dat
a/02-outcomes/01-policy_positioning/01-text_analysis/wordfish/01_lda/topics by 
congress.png Graphic file (type png)
<use /Users/cblanesg/cam.blanes Dropbox/Camila Blanes/Congressional-dataMX/data
/02-outcomes/01-policy_positioning/01-text_analysis/wordfish/01_lda/topics by c
ongress.png>
Package pdftex.def Info: /Users/cblanesg/cam.blanes Dropbox/Camila Blanes/Congr
essional-dataMX/data/02-outcomes/01-policy_positioning/01-text_analysis/wordfis
h/01_lda/topics by congress.png  used on input line 100.
(pdftex.def)             Requested size: 433.62pt x 280.348pt.

[3 </Users/cblanesg/cam.blanes Dropbox/Camila Blanes/Congressional-dataMX/data/
02-outcomes/01-policy_positioning/01-text_analysis/wordfish/01_lda/budget.png> 
</Users/cblanesg/cam.blanes Dropbox/Camila Blanes/Congressional-dataMX/data/02-
outcomes/01-policy_positioning/01-text_analysis/wordfish/01_lda/Health Care.png
> </Users/cblanesg/cam.blanes Dropbox/Camila Blanes/Congressional-dataMX/data/0
2-outcomes/01-policy_positioning/01-text_analysis/wordfish/01_lda/topics by con
gress.png>] [4] (./appendix_text.aux)

LaTeX Warning: There were multiply-defined labels.

 ) 
Here is how much of TeX's memory you used:
 3251 strings out of 480608
 53163 string characters out of 5903631
 303878 words of memory out of 5000000
 19159 multiletter control sequences out of 15000+600000
 533597 words of font info for 28 fonts, out of 8000000 for 9000
 1141 hyphenation exceptions out of 8191
 41i,8n,42p,785b,372s stack positions out of 5000i,500n,10000p,200000b,80000s
</usr/local/texlive/2020/texmf-dist/fonts/type1/public/amsfonts/cm/cmbx10.pfb
></usr/local/texlive/2020/texmf-dist/fonts/type1/public/amsfonts/cm/cmbx12.pfb>
</usr/local/texlive/2020/texmf-dist/fonts/type1/public/amsfonts/cm/cmmi10.pfb><
/usr/local/texlive/2020/texmf-dist/fonts/type1/public/amsfonts/cm/cmmi7.pfb></u
sr/local/texlive/2020/texmf-dist/fonts/type1/public/amsfonts/cm/cmr10.pfb></usr
/local/texlive/2020/texmf-dist/fonts/type1/public/amsfonts/cm/cmsy10.pfb></usr/
local/texlive/2020/texmf-dist/fonts/type1/public/amsfonts/cm/cmti10.pfb>
Output written on appendix_text.pdf (4 pages, 720733 bytes).
PDF statistics:
 54 PDF objects out of 1000 (max. 8388607)
 32 compressed objects within 1 object stream
 0 named destinations out of 1000 (max. 500000)
 21 words of extra memory for PDF output out of 10000 (max. 10000000)

